  Bullet.cpp
D:\Code\PTIT\HW\GItFile\TankShooter\Demo\Bullet.h(11,22): warning C4244: 'initializing': conversion from 'float' to 'int', possible loss of data
  Bullet1.cpp
D:\Code\PTIT\HW\GItFile\TankShooter\Demo\Bullet.h(11,22): warning C4244: 'initializing': conversion from 'float' to 'int', possible loss of data
  Bullet2.cpp
D:\Code\PTIT\HW\GItFile\TankShooter\Demo\Bullet.h(11,22): warning C4244: 'initializing': conversion from 'float' to 'int', possible loss of data
  Game.cpp
D:\Code\PTIT\HW\GItFile\TankShooter\Demo\Tank.h(12,22): warning C4244: 'initializing': conversion from 'float' to 'int', possible loss of data
  GameObject.cpp
  main.cpp
D:\Code\PTIT\HW\GItFile\TankShooter\Demo\Tank.h(12,22): warning C4244: 'initializing': conversion from 'float' to 'int', possible loss of data
  Tank.cpp
D:\Code\PTIT\HW\GItFile\TankShooter\Demo\Tank.h(12,22): warning C4244: 'initializing': conversion from 'float' to 'int', possible loss of data
  Tank1.cpp
D:\Code\PTIT\HW\GItFile\TankShooter\Demo\Tank.h(12,22): warning C4244: 'initializing': conversion from 'float' to 'int', possible loss of data
  Tank2.cpp
D:\Code\PTIT\HW\GItFile\TankShooter\Demo\Tank.h(12,22): warning C4244: 'initializing': conversion from 'float' to 'int', possible loss of data
  Wall.cpp
  Generating Code...
  Demo.vcxproj -> D:\Code\PTIT\HW\GItFile\TankShooter\x64\Debug\Demo.exe
